<?xml version="1.0" encoding="UTF-8"?>
<testsuite name="com.example.Xmen.XmenApplicationTests" tests="12" skipped="0" failures="0" errors="0" timestamp="2024-10-13T20:05:23" hostname="DESKTOP-JSQGSFJ" time="0.713">
  <properties/>
  <testcase name="recibirNull()" classname="com.example.Xmen.XmenApplicationTests" time="0.596"/>
  <testcase name="arrayNxM()" classname="com.example.Xmen.XmenApplicationTests" time="0.005"/>
  <testcase name="arrayVacio()" classname="com.example.Xmen.XmenApplicationTests" time="0.007"/>
  <testcase name="prueba1()" classname="com.example.Xmen.XmenApplicationTests" time="0.011"/>
  <testcase name="prueba2()" classname="com.example.Xmen.XmenApplicationTests" time="0.007"/>
  <testcase name="prueba3()" classname="com.example.Xmen.XmenApplicationTests" time="0.008"/>
  <testcase name="prueba4()" classname="com.example.Xmen.XmenApplicationTests" time="0.007"/>
  <testcase name="prueba5()" classname="com.example.Xmen.XmenApplicationTests" time="0.007"/>
  <testcase name="prueba6()" classname="com.example.Xmen.XmenApplicationTests" time="0.011"/>
  <testcase name="prueba7()" classname="com.example.Xmen.XmenApplicationTests" time="0.007"/>
  <testcase name="arrayNumeros()" classname="com.example.Xmen.XmenApplicationTests" time="0.006"/>
  <testcase name="arrayOtrasLetras()" classname="com.example.Xmen.XmenApplicationTests" time="0.009"/>
  <system-out><![CDATA[17:05:16.916 [Test worker] INFO org.springframework.test.context.support.AnnotationConfigContextLoaderUtils -- Could not detect default configuration classes for test class [com.example.Xmen.XmenApplicationTests]: XmenApplicationTests does not declare any static, non-private, non-final, nested classes annotated with @Configuration.
17:05:17.072 [Test worker] INFO org.springframework.boot.test.context.SpringBootTestContextBootstrapper -- Found @SpringBootConfiguration com.example.Xmen.XmenApplication for test class com.example.Xmen.XmenApplicationTests

  .   ____          _            __ _ _
 /\\ / ___'_ __ _ _(_)_ __  __ _ \ \ \ \
( ( )\___ | '_ | '_| | '_ \/ _` | \ \ \ \
 \\/  ___)| |_)| | | | | || (_| |  ) ) ) )
  '  |____| .__|_| |_|_| |_\__, | / / / /
 =========|_|==============|___/=/_/_/_/

 :: Spring Boot ::                (v3.3.3)

2024-10-13T17:05:17.583-03:00  WARN 5792 --- [Xmen] [    Test worker] ory$DuplicateJsonObjectContextCustomizer : 

Found multiple occurrences of org.json.JSONObject on the class path:

	jar:file:/C:/Users/Julieta/.gradle/caches/modules-2/files-2.1/org.json/json/20210307/528c8df3757e8bcf151817b1d7b9b434f6aa08d5/json-20210307.jar!/org/json/JSONObject.class
	jar:file:/C:/Users/Julieta/.gradle/caches/modules-2/files-2.1/com.vaadin.external.google/android-json/0.0.20131108.vaadin1/fa26d351fe62a6a17f5cda1287c1c6110dec413f/android-json-0.0.20131108.vaadin1.jar!/org/json/JSONObject.class

You may wish to exclude one of them to ensure predictable runtime behavior

2024-10-13T17:05:17.604-03:00  INFO 5792 --- [Xmen] [    Test worker] com.example.Xmen.XmenApplicationTests    : Starting XmenApplicationTests using Java 17.0.12 with PID 5792 (started by Julieta in C:\Users\Julieta\Desktop\XMENS)
2024-10-13T17:05:17.604-03:00  INFO 5792 --- [Xmen] [    Test worker] com.example.Xmen.XmenApplicationTests    : No active profile set, falling back to 1 default profile: "default"
2024-10-13T17:05:18.715-03:00  INFO 5792 --- [Xmen] [    Test worker] .s.d.r.c.RepositoryConfigurationDelegate : Bootstrapping Spring Data JPA repositories in DEFAULT mode.
2024-10-13T17:05:18.793-03:00  INFO 5792 --- [Xmen] [    Test worker] .s.d.r.c.RepositoryConfigurationDelegate : Finished Spring Data repository scanning in 78 ms. Found 2 JPA repository interfaces.
2024-10-13T17:05:19.481-03:00  INFO 5792 --- [Xmen] [    Test worker] o.hibernate.jpa.internal.util.LogHelper  : HHH000204: Processing PersistenceUnitInfo [name: default]
2024-10-13T17:05:19.574-03:00  INFO 5792 --- [Xmen] [    Test worker] org.hibernate.Version                    : HHH000412: Hibernate ORM core version 6.5.2.Final
2024-10-13T17:05:19.637-03:00  INFO 5792 --- [Xmen] [    Test worker] o.h.c.internal.RegionFactoryInitiator    : HHH000026: Second-level cache disabled
2024-10-13T17:05:20.106-03:00  INFO 5792 --- [Xmen] [    Test worker] o.s.o.j.p.SpringPersistenceUnitInfo      : No LoadTimeWeaver setup: ignoring JPA class transformer
2024-10-13T17:05:20.137-03:00  INFO 5792 --- [Xmen] [    Test worker] com.zaxxer.hikari.HikariDataSource       : HikariPool-1 - Starting...
2024-10-13T17:05:20.403-03:00  INFO 5792 --- [Xmen] [    Test worker] com.zaxxer.hikari.pool.HikariPool        : HikariPool-1 - Added connection conn0: url=jdbc:h2:file:C:/Users/Julieta/data/testdb user=SA
2024-10-13T17:05:20.418-03:00  INFO 5792 --- [Xmen] [    Test worker] com.zaxxer.hikari.HikariDataSource       : HikariPool-1 - Start completed.
2024-10-13T17:05:20.434-03:00  WARN 5792 --- [Xmen] [    Test worker] org.hibernate.orm.deprecation            : HHH90000025: H2Dialect does not need to be specified explicitly using 'hibernate.dialect' (remove the property setting and it will be selected by default)
2024-10-13T17:05:21.560-03:00  INFO 5792 --- [Xmen] [    Test worker] o.h.e.t.j.p.i.JtaPlatformInitiator       : HHH000489: No JTA platform available (set 'hibernate.transaction.jta.platform' to enable JTA platform integration)
2024-10-13T17:05:21.639-03:00  INFO 5792 --- [Xmen] [    Test worker] j.LocalContainerEntityManagerFactoryBean : Initialized JPA EntityManagerFactory for persistence unit 'default'
2024-10-13T17:05:22.139-03:00  INFO 5792 --- [Xmen] [    Test worker] o.s.d.j.r.query.QueryEnhancerFactory     : Hibernate is in classpath; If applicable, HQL parser will be used.
2024-10-13T17:05:22.983-03:00  WARN 5792 --- [Xmen] [    Test worker] JpaBaseConfiguration$JpaWebConfiguration : spring.jpa.open-in-view is enabled by default. Therefore, database queries may be performed during view rendering. Explicitly configure spring.jpa.open-in-view to disable this warning
2024-10-13T17:05:23.585-03:00  INFO 5792 --- [Xmen] [    Test worker] o.s.b.a.h2.H2ConsoleAutoConfiguration    : H2 console available at '/h2-console'. Database available at 'jdbc:h2:file:C:/Users/Julieta/data/testdb'
2024-10-13T17:05:23.663-03:00  INFO 5792 --- [Xmen] [    Test worker] com.example.Xmen.XmenApplicationTests    : Started XmenApplicationTests in 6.372 seconds (process running for 7.882)
]]></system-out>
  <system-err><![CDATA[]]></system-err>
</testsuite>
